Determining if the pthread_create exist failed with the following output:
Change Dir: /home/pi/RCR/2018/ros_catkin_ws/build_isolated/ros/CMakeFiles/CMakeTmp

Run Build Command:"/usr/bin/make" "cmTC_e4e68/fast"
/usr/bin/make -f CMakeFiles/cmTC_e4e68.dir/build.make CMakeFiles/cmTC_e4e68.dir/build
make[1]: Entering directory '/home/pi/RCR/2018/ros_catkin_ws/build_isolated/ros/CMakeFiles/CMakeTmp'
Building C object CMakeFiles/cmTC_e4e68.dir/CheckSymbolExists.c.o
/usr/bin/cc     -o CMakeFiles/cmTC_e4e68.dir/CheckSymbolExists.c.o   -c /home/pi/RCR/2018/ros_catkin_ws/build_isolated/ros/CMakeFiles/CMakeTmp/CheckSymbolExists.c
Linking C executable cmTC_e4e68
/usr/bin/cmake -E cmake_link_script CMakeFiles/cmTC_e4e68.dir/link.txt --verbose=1
/usr/bin/cc       CMakeFiles/cmTC_e4e68.dir/CheckSymbolExists.c.o  -o cmTC_e4e68 -rdynamic 
CMakeFiles/cmTC_e4e68.dir/CheckSymbolExists.c.o: In function `main':
CheckSymbolExists.c:(.text+0x38): undefined reference to `pthread_create'
collect2: error: ld returned 1 exit status
CMakeFiles/cmTC_e4e68.dir/build.make:97: recipe for target 'cmTC_e4e68' failed
make[1]: *** [cmTC_e4e68] Error 1
make[1]: Leaving directory '/home/pi/RCR/2018/ros_catkin_ws/build_isolated/ros/CMakeFiles/CMakeTmp'
Makefile:126: recipe for target 'cmTC_e4e68/fast' failed
make: *** [cmTC_e4e68/fast] Error 2

File /home/pi/RCR/2018/ros_catkin_ws/build_isolated/ros/CMakeFiles/CMakeTmp/CheckSymbolExists.c:
/* */
#include <pthread.h>

int main(int argc, char** argv)
{
  (void)argv;
#ifndef pthread_create
  return ((int*)(&pthread_create))[argc];
#else
  (void)argc;
  return 0;
#endif
}

Determining if the function pthread_create exists in the pthreads failed with the following output:
Change Dir: /home/pi/RCR/2018/ros_catkin_ws/build_isolated/ros/CMakeFiles/CMakeTmp

Run Build Command:"/usr/bin/make" "cmTC_8096b/fast"
/usr/bin/make -f CMakeFiles/cmTC_8096b.dir/build.make CMakeFiles/cmTC_8096b.dir/build
make[1]: Entering directory '/home/pi/RCR/2018/ros_catkin_ws/build_isolated/ros/CMakeFiles/CMakeTmp'
Building C object CMakeFiles/cmTC_8096b.dir/CheckFunctionExists.c.o
/usr/bin/cc    -DCHECK_FUNCTION_EXISTS=pthread_create   -o CMakeFiles/cmTC_8096b.dir/CheckFunctionExists.c.o   -c /usr/share/cmake-3.7/Modules/CheckFunctionExists.c
Linking C executable cmTC_8096b
/usr/bin/cmake -E cmake_link_script CMakeFiles/cmTC_8096b.dir/link.txt --verbose=1
/usr/bin/cc   -DCHECK_FUNCTION_EXISTS=pthread_create    CMakeFiles/cmTC_8096b.dir/CheckFunctionExists.c.o  -o cmTC_8096b -rdynamic -lpthreads 
/usr/bin/ld: cannot find -lpthreads
collect2: error: ld returned 1 exit status
CMakeFiles/cmTC_8096b.dir/build.make:97: recipe for target 'cmTC_8096b' failed
make[1]: *** [cmTC_8096b] Error 1
make[1]: Leaving directory '/home/pi/RCR/2018/ros_catkin_ws/build_isolated/ros/CMakeFiles/CMakeTmp'
Makefile:126: recipe for target 'cmTC_8096b/fast' failed
make: *** [cmTC_8096b/fast] Error 2


