Determining if the pthread_create exist failed with the following output:
Change Dir: /home/pi/RCR/2018/ros_catkin_ws/build_isolated/roscpp_traits/CMakeFiles/CMakeTmp

Run Build Command:"/usr/bin/make" "cmTC_5a732/fast"
/usr/bin/make -f CMakeFiles/cmTC_5a732.dir/build.make CMakeFiles/cmTC_5a732.dir/build
make[1]: ディレクトリ '/home/pi/RCR/2018/ros_catkin_ws/build_isolated/roscpp_traits/CMakeFiles/CMakeTmp' に入ります
Building C object CMakeFiles/cmTC_5a732.dir/CheckSymbolExists.c.o
/usr/bin/cc     -o CMakeFiles/cmTC_5a732.dir/CheckSymbolExists.c.o   -c /home/pi/RCR/2018/ros_catkin_ws/build_isolated/roscpp_traits/CMakeFiles/CMakeTmp/CheckSymbolExists.c
Linking C executable cmTC_5a732
/usr/bin/cmake -E cmake_link_script CMakeFiles/cmTC_5a732.dir/link.txt --verbose=1
/usr/bin/cc       CMakeFiles/cmTC_5a732.dir/CheckSymbolExists.c.o  -o cmTC_5a732 -rdynamic 
CMakeFiles/cmTC_5a732.dir/CheckSymbolExists.c.o: 関数 `main' 内:
CheckSymbolExists.c:(.text+0x38): `pthread_create' に対する定義されていない参照です
collect2: error: ld returned 1 exit status
CMakeFiles/cmTC_5a732.dir/build.make:97: ターゲット 'cmTC_5a732' のレシピで失敗しました
make[1]: *** [cmTC_5a732] エラー 1
make[1]: ディレクトリ '/home/pi/RCR/2018/ros_catkin_ws/build_isolated/roscpp_traits/CMakeFiles/CMakeTmp' から出ます
Makefile:126: ターゲット 'cmTC_5a732/fast' のレシピで失敗しました
make: *** [cmTC_5a732/fast] エラー 2

File /home/pi/RCR/2018/ros_catkin_ws/build_isolated/roscpp_traits/CMakeFiles/CMakeTmp/CheckSymbolExists.c:
/* */
#include <pthread.h>

int main(int argc, char** argv)
{
  (void)argv;
#ifndef pthread_create
  return ((int*)(&pthread_create))[argc];
#else
  (void)argc;
  return 0;
#endif
}

Determining if the function pthread_create exists in the pthreads failed with the following output:
Change Dir: /home/pi/RCR/2018/ros_catkin_ws/build_isolated/roscpp_traits/CMakeFiles/CMakeTmp

Run Build Command:"/usr/bin/make" "cmTC_c72dc/fast"
/usr/bin/make -f CMakeFiles/cmTC_c72dc.dir/build.make CMakeFiles/cmTC_c72dc.dir/build
make[1]: ディレクトリ '/home/pi/RCR/2018/ros_catkin_ws/build_isolated/roscpp_traits/CMakeFiles/CMakeTmp' に入ります
Building C object CMakeFiles/cmTC_c72dc.dir/CheckFunctionExists.c.o
/usr/bin/cc    -DCHECK_FUNCTION_EXISTS=pthread_create   -o CMakeFiles/cmTC_c72dc.dir/CheckFunctionExists.c.o   -c /usr/share/cmake-3.7/Modules/CheckFunctionExists.c
Linking C executable cmTC_c72dc
/usr/bin/cmake -E cmake_link_script CMakeFiles/cmTC_c72dc.dir/link.txt --verbose=1
/usr/bin/cc   -DCHECK_FUNCTION_EXISTS=pthread_create    CMakeFiles/cmTC_c72dc.dir/CheckFunctionExists.c.o  -o cmTC_c72dc -rdynamic -lpthreads 
/usr/bin/ld: -lpthreads が見つかりません
collect2: error: ld returned 1 exit status
CMakeFiles/cmTC_c72dc.dir/build.make:97: ターゲット 'cmTC_c72dc' のレシピで失敗しました
make[1]: *** [cmTC_c72dc] エラー 1
make[1]: ディレクトリ '/home/pi/RCR/2018/ros_catkin_ws/build_isolated/roscpp_traits/CMakeFiles/CMakeTmp' から出ます
Makefile:126: ターゲット 'cmTC_c72dc/fast' のレシピで失敗しました
make: *** [cmTC_c72dc/fast] エラー 2


