Determining if the pthread_create exist failed with the following output:
Change Dir: /home/pi/RCR/2018/ros_catkin_ws/build_isolated/rosboost_cfg/CMakeFiles/CMakeTmp

Run Build Command:"/usr/bin/make" "cmTC_59a33/fast"
/usr/bin/make -f CMakeFiles/cmTC_59a33.dir/build.make CMakeFiles/cmTC_59a33.dir/build
make[1]: Entering directory '/home/pi/RCR/2018/ros_catkin_ws/build_isolated/rosboost_cfg/CMakeFiles/CMakeTmp'
Building C object CMakeFiles/cmTC_59a33.dir/CheckSymbolExists.c.o
/usr/bin/cc     -o CMakeFiles/cmTC_59a33.dir/CheckSymbolExists.c.o   -c /home/pi/RCR/2018/ros_catkin_ws/build_isolated/rosboost_cfg/CMakeFiles/CMakeTmp/CheckSymbolExists.c
Linking C executable cmTC_59a33
/usr/bin/cmake -E cmake_link_script CMakeFiles/cmTC_59a33.dir/link.txt --verbose=1
/usr/bin/cc       CMakeFiles/cmTC_59a33.dir/CheckSymbolExists.c.o  -o cmTC_59a33 -rdynamic 
CMakeFiles/cmTC_59a33.dir/CheckSymbolExists.c.o: In function `main':
CheckSymbolExists.c:(.text+0x38): undefined reference to `pthread_create'
collect2: error: ld returned 1 exit status
CMakeFiles/cmTC_59a33.dir/build.make:97: recipe for target 'cmTC_59a33' failed
make[1]: *** [cmTC_59a33] Error 1
make[1]: Leaving directory '/home/pi/RCR/2018/ros_catkin_ws/build_isolated/rosboost_cfg/CMakeFiles/CMakeTmp'
Makefile:126: recipe for target 'cmTC_59a33/fast' failed
make: *** [cmTC_59a33/fast] Error 2

File /home/pi/RCR/2018/ros_catkin_ws/build_isolated/rosboost_cfg/CMakeFiles/CMakeTmp/CheckSymbolExists.c:
/* */
#include <pthread.h>

int main(int argc, char** argv)
{
  (void)argv;
#ifndef pthread_create
  return ((int*)(&pthread_create))[argc];
#else
  (void)argc;
  return 0;
#endif
}

Determining if the function pthread_create exists in the pthreads failed with the following output:
Change Dir: /home/pi/RCR/2018/ros_catkin_ws/build_isolated/rosboost_cfg/CMakeFiles/CMakeTmp

Run Build Command:"/usr/bin/make" "cmTC_ff32e/fast"
/usr/bin/make -f CMakeFiles/cmTC_ff32e.dir/build.make CMakeFiles/cmTC_ff32e.dir/build
make[1]: Entering directory '/home/pi/RCR/2018/ros_catkin_ws/build_isolated/rosboost_cfg/CMakeFiles/CMakeTmp'
Building C object CMakeFiles/cmTC_ff32e.dir/CheckFunctionExists.c.o
/usr/bin/cc    -DCHECK_FUNCTION_EXISTS=pthread_create   -o CMakeFiles/cmTC_ff32e.dir/CheckFunctionExists.c.o   -c /usr/share/cmake-3.7/Modules/CheckFunctionExists.c
Linking C executable cmTC_ff32e
/usr/bin/cmake -E cmake_link_script CMakeFiles/cmTC_ff32e.dir/link.txt --verbose=1
/usr/bin/cc   -DCHECK_FUNCTION_EXISTS=pthread_create    CMakeFiles/cmTC_ff32e.dir/CheckFunctionExists.c.o  -o cmTC_ff32e -rdynamic -lpthreads 
/usr/bin/ld: cannot find -lpthreads
collect2: error: ld returned 1 exit status
CMakeFiles/cmTC_ff32e.dir/build.make:97: recipe for target 'cmTC_ff32e' failed
make[1]: *** [cmTC_ff32e] Error 1
make[1]: Leaving directory '/home/pi/RCR/2018/ros_catkin_ws/build_isolated/rosboost_cfg/CMakeFiles/CMakeTmp'
Makefile:126: recipe for target 'cmTC_ff32e/fast' failed
make: *** [cmTC_ff32e/fast] Error 2


