Determining if the pthread_create exist failed with the following output:
Change Dir: /home/pi/RCR/2018/ros_catkin_ws/build_isolated/roslang/CMakeFiles/CMakeTmp

Run Build Command:"/usr/bin/make" "cmTC_6e0b6/fast"
/usr/bin/make -f CMakeFiles/cmTC_6e0b6.dir/build.make CMakeFiles/cmTC_6e0b6.dir/build
make[1]: Entering directory '/home/pi/RCR/2018/ros_catkin_ws/build_isolated/roslang/CMakeFiles/CMakeTmp'
Building C object CMakeFiles/cmTC_6e0b6.dir/CheckSymbolExists.c.o
/usr/bin/cc     -o CMakeFiles/cmTC_6e0b6.dir/CheckSymbolExists.c.o   -c /home/pi/RCR/2018/ros_catkin_ws/build_isolated/roslang/CMakeFiles/CMakeTmp/CheckSymbolExists.c
Linking C executable cmTC_6e0b6
/usr/bin/cmake -E cmake_link_script CMakeFiles/cmTC_6e0b6.dir/link.txt --verbose=1
/usr/bin/cc       CMakeFiles/cmTC_6e0b6.dir/CheckSymbolExists.c.o  -o cmTC_6e0b6 -rdynamic 
CMakeFiles/cmTC_6e0b6.dir/CheckSymbolExists.c.o: In function `main':
CheckSymbolExists.c:(.text+0x38): undefined reference to `pthread_create'
collect2: error: ld returned 1 exit status
CMakeFiles/cmTC_6e0b6.dir/build.make:97: recipe for target 'cmTC_6e0b6' failed
make[1]: *** [cmTC_6e0b6] Error 1
make[1]: Leaving directory '/home/pi/RCR/2018/ros_catkin_ws/build_isolated/roslang/CMakeFiles/CMakeTmp'
Makefile:126: recipe for target 'cmTC_6e0b6/fast' failed
make: *** [cmTC_6e0b6/fast] Error 2

File /home/pi/RCR/2018/ros_catkin_ws/build_isolated/roslang/CMakeFiles/CMakeTmp/CheckSymbolExists.c:
/* */
#include <pthread.h>

int main(int argc, char** argv)
{
  (void)argv;
#ifndef pthread_create
  return ((int*)(&pthread_create))[argc];
#else
  (void)argc;
  return 0;
#endif
}

Determining if the function pthread_create exists in the pthreads failed with the following output:
Change Dir: /home/pi/RCR/2018/ros_catkin_ws/build_isolated/roslang/CMakeFiles/CMakeTmp

Run Build Command:"/usr/bin/make" "cmTC_448d1/fast"
/usr/bin/make -f CMakeFiles/cmTC_448d1.dir/build.make CMakeFiles/cmTC_448d1.dir/build
make[1]: Entering directory '/home/pi/RCR/2018/ros_catkin_ws/build_isolated/roslang/CMakeFiles/CMakeTmp'
Building C object CMakeFiles/cmTC_448d1.dir/CheckFunctionExists.c.o
/usr/bin/cc    -DCHECK_FUNCTION_EXISTS=pthread_create   -o CMakeFiles/cmTC_448d1.dir/CheckFunctionExists.c.o   -c /usr/share/cmake-3.7/Modules/CheckFunctionExists.c
Linking C executable cmTC_448d1
/usr/bin/cmake -E cmake_link_script CMakeFiles/cmTC_448d1.dir/link.txt --verbose=1
/usr/bin/cc   -DCHECK_FUNCTION_EXISTS=pthread_create    CMakeFiles/cmTC_448d1.dir/CheckFunctionExists.c.o  -o cmTC_448d1 -rdynamic -lpthreads 
/usr/bin/ld: cannot find -lpthreads
collect2: error: ld returned 1 exit status
CMakeFiles/cmTC_448d1.dir/build.make:97: recipe for target 'cmTC_448d1' failed
make[1]: *** [cmTC_448d1] Error 1
make[1]: Leaving directory '/home/pi/RCR/2018/ros_catkin_ws/build_isolated/roslang/CMakeFiles/CMakeTmp'
Makefile:126: recipe for target 'cmTC_448d1/fast' failed
make: *** [cmTC_448d1/fast] Error 2


