Determining if the pthread_create exist failed with the following output:
Change Dir: /home/pi/RCR/2018/ros_catkin_ws/build_isolated/message_runtime/CMakeFiles/CMakeTmp

Run Build Command:"/usr/bin/make" "cmTC_1a00f/fast"
/usr/bin/make -f CMakeFiles/cmTC_1a00f.dir/build.make CMakeFiles/cmTC_1a00f.dir/build
make[1]: ディレクトリ '/home/pi/RCR/2018/ros_catkin_ws/build_isolated/message_runtime/CMakeFiles/CMakeTmp' に入ります
Building C object CMakeFiles/cmTC_1a00f.dir/CheckSymbolExists.c.o
/usr/bin/cc     -o CMakeFiles/cmTC_1a00f.dir/CheckSymbolExists.c.o   -c /home/pi/RCR/2018/ros_catkin_ws/build_isolated/message_runtime/CMakeFiles/CMakeTmp/CheckSymbolExists.c
Linking C executable cmTC_1a00f
/usr/bin/cmake -E cmake_link_script CMakeFiles/cmTC_1a00f.dir/link.txt --verbose=1
/usr/bin/cc       CMakeFiles/cmTC_1a00f.dir/CheckSymbolExists.c.o  -o cmTC_1a00f -rdynamic 
CMakeFiles/cmTC_1a00f.dir/CheckSymbolExists.c.o: 関数 `main' 内:
CheckSymbolExists.c:(.text+0x38): `pthread_create' に対する定義されていない参照です
collect2: error: ld returned 1 exit status
CMakeFiles/cmTC_1a00f.dir/build.make:97: ターゲット 'cmTC_1a00f' のレシピで失敗しました
make[1]: *** [cmTC_1a00f] エラー 1
make[1]: ディレクトリ '/home/pi/RCR/2018/ros_catkin_ws/build_isolated/message_runtime/CMakeFiles/CMakeTmp' から出ます
Makefile:126: ターゲット 'cmTC_1a00f/fast' のレシピで失敗しました
make: *** [cmTC_1a00f/fast] エラー 2

File /home/pi/RCR/2018/ros_catkin_ws/build_isolated/message_runtime/CMakeFiles/CMakeTmp/CheckSymbolExists.c:
/* */
#include <pthread.h>

int main(int argc, char** argv)
{
  (void)argv;
#ifndef pthread_create
  return ((int*)(&pthread_create))[argc];
#else
  (void)argc;
  return 0;
#endif
}

Determining if the function pthread_create exists in the pthreads failed with the following output:
Change Dir: /home/pi/RCR/2018/ros_catkin_ws/build_isolated/message_runtime/CMakeFiles/CMakeTmp

Run Build Command:"/usr/bin/make" "cmTC_4904c/fast"
/usr/bin/make -f CMakeFiles/cmTC_4904c.dir/build.make CMakeFiles/cmTC_4904c.dir/build
make[1]: ディレクトリ '/home/pi/RCR/2018/ros_catkin_ws/build_isolated/message_runtime/CMakeFiles/CMakeTmp' に入ります
Building C object CMakeFiles/cmTC_4904c.dir/CheckFunctionExists.c.o
/usr/bin/cc    -DCHECK_FUNCTION_EXISTS=pthread_create   -o CMakeFiles/cmTC_4904c.dir/CheckFunctionExists.c.o   -c /usr/share/cmake-3.7/Modules/CheckFunctionExists.c
Linking C executable cmTC_4904c
/usr/bin/cmake -E cmake_link_script CMakeFiles/cmTC_4904c.dir/link.txt --verbose=1
/usr/bin/cc   -DCHECK_FUNCTION_EXISTS=pthread_create    CMakeFiles/cmTC_4904c.dir/CheckFunctionExists.c.o  -o cmTC_4904c -rdynamic -lpthreads 
/usr/bin/ld: -lpthreads が見つかりません
collect2: error: ld returned 1 exit status
CMakeFiles/cmTC_4904c.dir/build.make:97: ターゲット 'cmTC_4904c' のレシピで失敗しました
make[1]: *** [cmTC_4904c] エラー 1
make[1]: ディレクトリ '/home/pi/RCR/2018/ros_catkin_ws/build_isolated/message_runtime/CMakeFiles/CMakeTmp' から出ます
Makefile:126: ターゲット 'cmTC_4904c/fast' のレシピで失敗しました
make: *** [cmTC_4904c/fast] エラー 2


