Determining if the pthread_create exist failed with the following output:
Change Dir: /home/pi/ros_catkin_ws/build_isolated/rosbag/CMakeFiles/CMakeTmp

Run Build Command:"/usr/bin/make" "cmTC_ed61a/fast"
/usr/bin/make -f CMakeFiles/cmTC_ed61a.dir/build.make CMakeFiles/cmTC_ed61a.dir/build
make[1]: Entering directory '/home/pi/ros_catkin_ws/build_isolated/rosbag/CMakeFiles/CMakeTmp'
Building C object CMakeFiles/cmTC_ed61a.dir/CheckSymbolExists.c.o
/usr/bin/cc     -o CMakeFiles/cmTC_ed61a.dir/CheckSymbolExists.c.o   -c /home/pi/ros_catkin_ws/build_isolated/rosbag/CMakeFiles/CMakeTmp/CheckSymbolExists.c
Linking C executable cmTC_ed61a
/usr/bin/cmake -E cmake_link_script CMakeFiles/cmTC_ed61a.dir/link.txt --verbose=1
/usr/bin/cc       CMakeFiles/cmTC_ed61a.dir/CheckSymbolExists.c.o  -o cmTC_ed61a -rdynamic 
CMakeFiles/cmTC_ed61a.dir/CheckSymbolExists.c.o: In function `main':
CheckSymbolExists.c:(.text+0x38): undefined reference to `pthread_create'
collect2: error: ld returned 1 exit status
CMakeFiles/cmTC_ed61a.dir/build.make:97: recipe for target 'cmTC_ed61a' failed
make[1]: *** [cmTC_ed61a] Error 1
make[1]: Leaving directory '/home/pi/ros_catkin_ws/build_isolated/rosbag/CMakeFiles/CMakeTmp'
Makefile:126: recipe for target 'cmTC_ed61a/fast' failed
make: *** [cmTC_ed61a/fast] Error 2

File /home/pi/ros_catkin_ws/build_isolated/rosbag/CMakeFiles/CMakeTmp/CheckSymbolExists.c:
/* */
#include <pthread.h>

int main(int argc, char** argv)
{
  (void)argv;
#ifndef pthread_create
  return ((int*)(&pthread_create))[argc];
#else
  (void)argc;
  return 0;
#endif
}

Determining if the function pthread_create exists in the pthreads failed with the following output:
Change Dir: /home/pi/ros_catkin_ws/build_isolated/rosbag/CMakeFiles/CMakeTmp

Run Build Command:"/usr/bin/make" "cmTC_7d2be/fast"
/usr/bin/make -f CMakeFiles/cmTC_7d2be.dir/build.make CMakeFiles/cmTC_7d2be.dir/build
make[1]: Entering directory '/home/pi/ros_catkin_ws/build_isolated/rosbag/CMakeFiles/CMakeTmp'
Building C object CMakeFiles/cmTC_7d2be.dir/CheckFunctionExists.c.o
/usr/bin/cc    -DCHECK_FUNCTION_EXISTS=pthread_create   -o CMakeFiles/cmTC_7d2be.dir/CheckFunctionExists.c.o   -c /usr/share/cmake-3.7/Modules/CheckFunctionExists.c
Linking C executable cmTC_7d2be
/usr/bin/cmake -E cmake_link_script CMakeFiles/cmTC_7d2be.dir/link.txt --verbose=1
/usr/bin/cc   -DCHECK_FUNCTION_EXISTS=pthread_create    CMakeFiles/cmTC_7d2be.dir/CheckFunctionExists.c.o  -o cmTC_7d2be -rdynamic -lpthreads 
/usr/bin/ld: cannot find -lpthreads
collect2: error: ld returned 1 exit status
CMakeFiles/cmTC_7d2be.dir/build.make:97: recipe for target 'cmTC_7d2be' failed
make[1]: *** [cmTC_7d2be] Error 1
make[1]: Leaving directory '/home/pi/ros_catkin_ws/build_isolated/rosbag/CMakeFiles/CMakeTmp'
Makefile:126: recipe for target 'cmTC_7d2be/fast' failed
make: *** [cmTC_7d2be/fast] Error 2


