Determining if the pthread_create exist failed with the following output:
Change Dir: /home/pi/RCR/2018/ros_catkin_ws/build_isolated/roscpp_serialization/CMakeFiles/CMakeTmp

Run Build Command:"/usr/bin/make" "cmTC_d32ab/fast"
/usr/bin/make -f CMakeFiles/cmTC_d32ab.dir/build.make CMakeFiles/cmTC_d32ab.dir/build
make[1]: Entering directory '/home/pi/RCR/2018/ros_catkin_ws/build_isolated/roscpp_serialization/CMakeFiles/CMakeTmp'
Building C object CMakeFiles/cmTC_d32ab.dir/CheckSymbolExists.c.o
/usr/bin/cc     -o CMakeFiles/cmTC_d32ab.dir/CheckSymbolExists.c.o   -c /home/pi/RCR/2018/ros_catkin_ws/build_isolated/roscpp_serialization/CMakeFiles/CMakeTmp/CheckSymbolExists.c
Linking C executable cmTC_d32ab
/usr/bin/cmake -E cmake_link_script CMakeFiles/cmTC_d32ab.dir/link.txt --verbose=1
/usr/bin/cc       CMakeFiles/cmTC_d32ab.dir/CheckSymbolExists.c.o  -o cmTC_d32ab -rdynamic 
CMakeFiles/cmTC_d32ab.dir/CheckSymbolExists.c.o: In function `main':
CheckSymbolExists.c:(.text+0x38): undefined reference to `pthread_create'
collect2: error: ld returned 1 exit status
CMakeFiles/cmTC_d32ab.dir/build.make:97: recipe for target 'cmTC_d32ab' failed
make[1]: *** [cmTC_d32ab] Error 1
make[1]: Leaving directory '/home/pi/RCR/2018/ros_catkin_ws/build_isolated/roscpp_serialization/CMakeFiles/CMakeTmp'
Makefile:126: recipe for target 'cmTC_d32ab/fast' failed
make: *** [cmTC_d32ab/fast] Error 2

File /home/pi/RCR/2018/ros_catkin_ws/build_isolated/roscpp_serialization/CMakeFiles/CMakeTmp/CheckSymbolExists.c:
/* */
#include <pthread.h>

int main(int argc, char** argv)
{
  (void)argv;
#ifndef pthread_create
  return ((int*)(&pthread_create))[argc];
#else
  (void)argc;
  return 0;
#endif
}

Determining if the function pthread_create exists in the pthreads failed with the following output:
Change Dir: /home/pi/RCR/2018/ros_catkin_ws/build_isolated/roscpp_serialization/CMakeFiles/CMakeTmp

Run Build Command:"/usr/bin/make" "cmTC_fa5af/fast"
/usr/bin/make -f CMakeFiles/cmTC_fa5af.dir/build.make CMakeFiles/cmTC_fa5af.dir/build
make[1]: Entering directory '/home/pi/RCR/2018/ros_catkin_ws/build_isolated/roscpp_serialization/CMakeFiles/CMakeTmp'
Building C object CMakeFiles/cmTC_fa5af.dir/CheckFunctionExists.c.o
/usr/bin/cc    -DCHECK_FUNCTION_EXISTS=pthread_create   -o CMakeFiles/cmTC_fa5af.dir/CheckFunctionExists.c.o   -c /usr/share/cmake-3.7/Modules/CheckFunctionExists.c
Linking C executable cmTC_fa5af
/usr/bin/cmake -E cmake_link_script CMakeFiles/cmTC_fa5af.dir/link.txt --verbose=1
/usr/bin/cc   -DCHECK_FUNCTION_EXISTS=pthread_create    CMakeFiles/cmTC_fa5af.dir/CheckFunctionExists.c.o  -o cmTC_fa5af -rdynamic -lpthreads 
/usr/bin/ld: cannot find -lpthreads
collect2: error: ld returned 1 exit status
CMakeFiles/cmTC_fa5af.dir/build.make:97: recipe for target 'cmTC_fa5af' failed
make[1]: *** [cmTC_fa5af] Error 1
make[1]: Leaving directory '/home/pi/RCR/2018/ros_catkin_ws/build_isolated/roscpp_serialization/CMakeFiles/CMakeTmp'
Makefile:126: recipe for target 'cmTC_fa5af/fast' failed
make: *** [cmTC_fa5af/fast] Error 2


