Determining if the pthread_create exist failed with the following output:
Change Dir: /home/pi/RCR/2018/ros_catkin_ws/build_isolated/roswtf/CMakeFiles/CMakeTmp

Run Build Command:"/usr/bin/make" "cmTC_02e58/fast"
/usr/bin/make -f CMakeFiles/cmTC_02e58.dir/build.make CMakeFiles/cmTC_02e58.dir/build
make[1]: ディレクトリ '/home/pi/RCR/2018/ros_catkin_ws/build_isolated/roswtf/CMakeFiles/CMakeTmp' に入ります
Building C object CMakeFiles/cmTC_02e58.dir/CheckSymbolExists.c.o
/usr/bin/cc     -o CMakeFiles/cmTC_02e58.dir/CheckSymbolExists.c.o   -c /home/pi/RCR/2018/ros_catkin_ws/build_isolated/roswtf/CMakeFiles/CMakeTmp/CheckSymbolExists.c
Linking C executable cmTC_02e58
/usr/bin/cmake -E cmake_link_script CMakeFiles/cmTC_02e58.dir/link.txt --verbose=1
/usr/bin/cc       CMakeFiles/cmTC_02e58.dir/CheckSymbolExists.c.o  -o cmTC_02e58 -rdynamic 
CMakeFiles/cmTC_02e58.dir/CheckSymbolExists.c.o: 関数 `main' 内:
CheckSymbolExists.c:(.text+0x38): `pthread_create' に対する定義されていない参照です
collect2: error: ld returned 1 exit status
CMakeFiles/cmTC_02e58.dir/build.make:97: ターゲット 'cmTC_02e58' のレシピで失敗しました
make[1]: *** [cmTC_02e58] エラー 1
make[1]: ディレクトリ '/home/pi/RCR/2018/ros_catkin_ws/build_isolated/roswtf/CMakeFiles/CMakeTmp' から出ます
Makefile:126: ターゲット 'cmTC_02e58/fast' のレシピで失敗しました
make: *** [cmTC_02e58/fast] エラー 2

File /home/pi/RCR/2018/ros_catkin_ws/build_isolated/roswtf/CMakeFiles/CMakeTmp/CheckSymbolExists.c:
/* */
#include <pthread.h>

int main(int argc, char** argv)
{
  (void)argv;
#ifndef pthread_create
  return ((int*)(&pthread_create))[argc];
#else
  (void)argc;
  return 0;
#endif
}

Determining if the function pthread_create exists in the pthreads failed with the following output:
Change Dir: /home/pi/RCR/2018/ros_catkin_ws/build_isolated/roswtf/CMakeFiles/CMakeTmp

Run Build Command:"/usr/bin/make" "cmTC_94cfc/fast"
/usr/bin/make -f CMakeFiles/cmTC_94cfc.dir/build.make CMakeFiles/cmTC_94cfc.dir/build
make[1]: ディレクトリ '/home/pi/RCR/2018/ros_catkin_ws/build_isolated/roswtf/CMakeFiles/CMakeTmp' に入ります
Building C object CMakeFiles/cmTC_94cfc.dir/CheckFunctionExists.c.o
/usr/bin/cc    -DCHECK_FUNCTION_EXISTS=pthread_create   -o CMakeFiles/cmTC_94cfc.dir/CheckFunctionExists.c.o   -c /usr/share/cmake-3.7/Modules/CheckFunctionExists.c
Linking C executable cmTC_94cfc
/usr/bin/cmake -E cmake_link_script CMakeFiles/cmTC_94cfc.dir/link.txt --verbose=1
/usr/bin/cc   -DCHECK_FUNCTION_EXISTS=pthread_create    CMakeFiles/cmTC_94cfc.dir/CheckFunctionExists.c.o  -o cmTC_94cfc -rdynamic -lpthreads 
/usr/bin/ld: -lpthreads が見つかりません
collect2: error: ld returned 1 exit status
CMakeFiles/cmTC_94cfc.dir/build.make:97: ターゲット 'cmTC_94cfc' のレシピで失敗しました
make[1]: *** [cmTC_94cfc] エラー 1
make[1]: ディレクトリ '/home/pi/RCR/2018/ros_catkin_ws/build_isolated/roswtf/CMakeFiles/CMakeTmp' から出ます
Makefile:126: ターゲット 'cmTC_94cfc/fast' のレシピで失敗しました
make: *** [cmTC_94cfc/fast] エラー 2


