Determining if the pthread_create exist failed with the following output:
Change Dir: /home/pi/RCR/2018/ros_catkin_ws/build_isolated/rosunit/CMakeFiles/CMakeTmp

Run Build Command:"/usr/bin/make" "cmTC_c4788/fast"
/usr/bin/make -f CMakeFiles/cmTC_c4788.dir/build.make CMakeFiles/cmTC_c4788.dir/build
make[1]: ディレクトリ '/home/pi/RCR/2018/ros_catkin_ws/build_isolated/rosunit/CMakeFiles/CMakeTmp' に入ります
Building C object CMakeFiles/cmTC_c4788.dir/CheckSymbolExists.c.o
/usr/bin/cc     -o CMakeFiles/cmTC_c4788.dir/CheckSymbolExists.c.o   -c /home/pi/RCR/2018/ros_catkin_ws/build_isolated/rosunit/CMakeFiles/CMakeTmp/CheckSymbolExists.c
Linking C executable cmTC_c4788
/usr/bin/cmake -E cmake_link_script CMakeFiles/cmTC_c4788.dir/link.txt --verbose=1
/usr/bin/cc       CMakeFiles/cmTC_c4788.dir/CheckSymbolExists.c.o  -o cmTC_c4788 -rdynamic 
CMakeFiles/cmTC_c4788.dir/CheckSymbolExists.c.o: 関数 `main' 内:
CheckSymbolExists.c:(.text+0x38): `pthread_create' に対する定義されていない参照です
collect2: error: ld returned 1 exit status
CMakeFiles/cmTC_c4788.dir/build.make:97: ターゲット 'cmTC_c4788' のレシピで失敗しました
make[1]: *** [cmTC_c4788] エラー 1
make[1]: ディレクトリ '/home/pi/RCR/2018/ros_catkin_ws/build_isolated/rosunit/CMakeFiles/CMakeTmp' から出ます
Makefile:126: ターゲット 'cmTC_c4788/fast' のレシピで失敗しました
make: *** [cmTC_c4788/fast] エラー 2

File /home/pi/RCR/2018/ros_catkin_ws/build_isolated/rosunit/CMakeFiles/CMakeTmp/CheckSymbolExists.c:
/* */
#include <pthread.h>

int main(int argc, char** argv)
{
  (void)argv;
#ifndef pthread_create
  return ((int*)(&pthread_create))[argc];
#else
  (void)argc;
  return 0;
#endif
}

Determining if the function pthread_create exists in the pthreads failed with the following output:
Change Dir: /home/pi/RCR/2018/ros_catkin_ws/build_isolated/rosunit/CMakeFiles/CMakeTmp

Run Build Command:"/usr/bin/make" "cmTC_d09f9/fast"
/usr/bin/make -f CMakeFiles/cmTC_d09f9.dir/build.make CMakeFiles/cmTC_d09f9.dir/build
make[1]: ディレクトリ '/home/pi/RCR/2018/ros_catkin_ws/build_isolated/rosunit/CMakeFiles/CMakeTmp' に入ります
Building C object CMakeFiles/cmTC_d09f9.dir/CheckFunctionExists.c.o
/usr/bin/cc    -DCHECK_FUNCTION_EXISTS=pthread_create   -o CMakeFiles/cmTC_d09f9.dir/CheckFunctionExists.c.o   -c /usr/share/cmake-3.7/Modules/CheckFunctionExists.c
Linking C executable cmTC_d09f9
/usr/bin/cmake -E cmake_link_script CMakeFiles/cmTC_d09f9.dir/link.txt --verbose=1
/usr/bin/cc   -DCHECK_FUNCTION_EXISTS=pthread_create    CMakeFiles/cmTC_d09f9.dir/CheckFunctionExists.c.o  -o cmTC_d09f9 -rdynamic -lpthreads 
/usr/bin/ld: -lpthreads が見つかりません
collect2: error: ld returned 1 exit status
CMakeFiles/cmTC_d09f9.dir/build.make:97: ターゲット 'cmTC_d09f9' のレシピで失敗しました
make[1]: *** [cmTC_d09f9] エラー 1
make[1]: ディレクトリ '/home/pi/RCR/2018/ros_catkin_ws/build_isolated/rosunit/CMakeFiles/CMakeTmp' から出ます
Makefile:126: ターゲット 'cmTC_d09f9/fast' のレシピで失敗しました
make: *** [cmTC_d09f9/fast] エラー 2


