Determining if the pthread_create exist failed with the following output:
Change Dir: /home/pi/RCR/2018/ros_catkin_ws/build_isolated/rosmsg/CMakeFiles/CMakeTmp

Run Build Command:"/usr/bin/make" "cmTC_8eb91/fast"
/usr/bin/make -f CMakeFiles/cmTC_8eb91.dir/build.make CMakeFiles/cmTC_8eb91.dir/build
make[1]: ディレクトリ '/home/pi/RCR/2018/ros_catkin_ws/build_isolated/rosmsg/CMakeFiles/CMakeTmp' に入ります
Building C object CMakeFiles/cmTC_8eb91.dir/CheckSymbolExists.c.o
/usr/bin/cc     -o CMakeFiles/cmTC_8eb91.dir/CheckSymbolExists.c.o   -c /home/pi/RCR/2018/ros_catkin_ws/build_isolated/rosmsg/CMakeFiles/CMakeTmp/CheckSymbolExists.c
Linking C executable cmTC_8eb91
/usr/bin/cmake -E cmake_link_script CMakeFiles/cmTC_8eb91.dir/link.txt --verbose=1
/usr/bin/cc       CMakeFiles/cmTC_8eb91.dir/CheckSymbolExists.c.o  -o cmTC_8eb91 -rdynamic 
CMakeFiles/cmTC_8eb91.dir/CheckSymbolExists.c.o: 関数 `main' 内:
CheckSymbolExists.c:(.text+0x38): `pthread_create' に対する定義されていない参照です
collect2: error: ld returned 1 exit status
CMakeFiles/cmTC_8eb91.dir/build.make:97: ターゲット 'cmTC_8eb91' のレシピで失敗しました
make[1]: *** [cmTC_8eb91] エラー 1
make[1]: ディレクトリ '/home/pi/RCR/2018/ros_catkin_ws/build_isolated/rosmsg/CMakeFiles/CMakeTmp' から出ます
Makefile:126: ターゲット 'cmTC_8eb91/fast' のレシピで失敗しました
make: *** [cmTC_8eb91/fast] エラー 2

File /home/pi/RCR/2018/ros_catkin_ws/build_isolated/rosmsg/CMakeFiles/CMakeTmp/CheckSymbolExists.c:
/* */
#include <pthread.h>

int main(int argc, char** argv)
{
  (void)argv;
#ifndef pthread_create
  return ((int*)(&pthread_create))[argc];
#else
  (void)argc;
  return 0;
#endif
}

Determining if the function pthread_create exists in the pthreads failed with the following output:
Change Dir: /home/pi/RCR/2018/ros_catkin_ws/build_isolated/rosmsg/CMakeFiles/CMakeTmp

Run Build Command:"/usr/bin/make" "cmTC_a9a60/fast"
/usr/bin/make -f CMakeFiles/cmTC_a9a60.dir/build.make CMakeFiles/cmTC_a9a60.dir/build
make[1]: ディレクトリ '/home/pi/RCR/2018/ros_catkin_ws/build_isolated/rosmsg/CMakeFiles/CMakeTmp' に入ります
Building C object CMakeFiles/cmTC_a9a60.dir/CheckFunctionExists.c.o
/usr/bin/cc    -DCHECK_FUNCTION_EXISTS=pthread_create   -o CMakeFiles/cmTC_a9a60.dir/CheckFunctionExists.c.o   -c /usr/share/cmake-3.7/Modules/CheckFunctionExists.c
Linking C executable cmTC_a9a60
/usr/bin/cmake -E cmake_link_script CMakeFiles/cmTC_a9a60.dir/link.txt --verbose=1
/usr/bin/cc   -DCHECK_FUNCTION_EXISTS=pthread_create    CMakeFiles/cmTC_a9a60.dir/CheckFunctionExists.c.o  -o cmTC_a9a60 -rdynamic -lpthreads 
/usr/bin/ld: -lpthreads が見つかりません
collect2: error: ld returned 1 exit status
CMakeFiles/cmTC_a9a60.dir/build.make:97: ターゲット 'cmTC_a9a60' のレシピで失敗しました
make[1]: *** [cmTC_a9a60] エラー 1
make[1]: ディレクトリ '/home/pi/RCR/2018/ros_catkin_ws/build_isolated/rosmsg/CMakeFiles/CMakeTmp' から出ます
Makefile:126: ターゲット 'cmTC_a9a60/fast' のレシピで失敗しました
make: *** [cmTC_a9a60/fast] エラー 2


