Determining if the pthread_create exist failed with the following output:
Change Dir: /home/pi/RCR/2018/ros_catkin_ws/build_isolated/gencpp/CMakeFiles/CMakeTmp

Run Build Command:"/usr/bin/make" "cmTC_13667/fast"
/usr/bin/make -f CMakeFiles/cmTC_13667.dir/build.make CMakeFiles/cmTC_13667.dir/build
make[1]: Entering directory '/home/pi/RCR/2018/ros_catkin_ws/build_isolated/gencpp/CMakeFiles/CMakeTmp'
Building C object CMakeFiles/cmTC_13667.dir/CheckSymbolExists.c.o
/usr/bin/cc     -o CMakeFiles/cmTC_13667.dir/CheckSymbolExists.c.o   -c /home/pi/RCR/2018/ros_catkin_ws/build_isolated/gencpp/CMakeFiles/CMakeTmp/CheckSymbolExists.c
Linking C executable cmTC_13667
/usr/bin/cmake -E cmake_link_script CMakeFiles/cmTC_13667.dir/link.txt --verbose=1
/usr/bin/cc       CMakeFiles/cmTC_13667.dir/CheckSymbolExists.c.o  -o cmTC_13667 -rdynamic 
CMakeFiles/cmTC_13667.dir/CheckSymbolExists.c.o: In function `main':
CheckSymbolExists.c:(.text+0x38): undefined reference to `pthread_create'
collect2: error: ld returned 1 exit status
CMakeFiles/cmTC_13667.dir/build.make:97: recipe for target 'cmTC_13667' failed
make[1]: *** [cmTC_13667] Error 1
make[1]: Leaving directory '/home/pi/RCR/2018/ros_catkin_ws/build_isolated/gencpp/CMakeFiles/CMakeTmp'
Makefile:126: recipe for target 'cmTC_13667/fast' failed
make: *** [cmTC_13667/fast] Error 2

File /home/pi/RCR/2018/ros_catkin_ws/build_isolated/gencpp/CMakeFiles/CMakeTmp/CheckSymbolExists.c:
/* */
#include <pthread.h>

int main(int argc, char** argv)
{
  (void)argv;
#ifndef pthread_create
  return ((int*)(&pthread_create))[argc];
#else
  (void)argc;
  return 0;
#endif
}

Determining if the function pthread_create exists in the pthreads failed with the following output:
Change Dir: /home/pi/RCR/2018/ros_catkin_ws/build_isolated/gencpp/CMakeFiles/CMakeTmp

Run Build Command:"/usr/bin/make" "cmTC_2fb4c/fast"
/usr/bin/make -f CMakeFiles/cmTC_2fb4c.dir/build.make CMakeFiles/cmTC_2fb4c.dir/build
make[1]: Entering directory '/home/pi/RCR/2018/ros_catkin_ws/build_isolated/gencpp/CMakeFiles/CMakeTmp'
Building C object CMakeFiles/cmTC_2fb4c.dir/CheckFunctionExists.c.o
/usr/bin/cc    -DCHECK_FUNCTION_EXISTS=pthread_create   -o CMakeFiles/cmTC_2fb4c.dir/CheckFunctionExists.c.o   -c /usr/share/cmake-3.7/Modules/CheckFunctionExists.c
Linking C executable cmTC_2fb4c
/usr/bin/cmake -E cmake_link_script CMakeFiles/cmTC_2fb4c.dir/link.txt --verbose=1
/usr/bin/cc   -DCHECK_FUNCTION_EXISTS=pthread_create    CMakeFiles/cmTC_2fb4c.dir/CheckFunctionExists.c.o  -o cmTC_2fb4c -rdynamic -lpthreads 
/usr/bin/ld: cannot find -lpthreads
collect2: error: ld returned 1 exit status
CMakeFiles/cmTC_2fb4c.dir/build.make:97: recipe for target 'cmTC_2fb4c' failed
make[1]: *** [cmTC_2fb4c] Error 1
make[1]: Leaving directory '/home/pi/RCR/2018/ros_catkin_ws/build_isolated/gencpp/CMakeFiles/CMakeTmp'
Makefile:126: recipe for target 'cmTC_2fb4c/fast' failed
make: *** [cmTC_2fb4c/fast] Error 2


