Determining if the pthread_create exist failed with the following output:
Change Dir: /home/pi/ros_catkin_ws/build_isolated/roscpp/CMakeFiles/CMakeTmp

Run Build Command:"/usr/bin/make" "cmTC_747c6/fast"
/usr/bin/make -f CMakeFiles/cmTC_747c6.dir/build.make CMakeFiles/cmTC_747c6.dir/build
make[1]: Entering directory '/home/pi/ros_catkin_ws/build_isolated/roscpp/CMakeFiles/CMakeTmp'
Building C object CMakeFiles/cmTC_747c6.dir/CheckSymbolExists.c.o
/usr/bin/cc     -o CMakeFiles/cmTC_747c6.dir/CheckSymbolExists.c.o   -c /home/pi/ros_catkin_ws/build_isolated/roscpp/CMakeFiles/CMakeTmp/CheckSymbolExists.c
Linking C executable cmTC_747c6
/usr/bin/cmake -E cmake_link_script CMakeFiles/cmTC_747c6.dir/link.txt --verbose=1
/usr/bin/cc       CMakeFiles/cmTC_747c6.dir/CheckSymbolExists.c.o  -o cmTC_747c6 -rdynamic 
CMakeFiles/cmTC_747c6.dir/CheckSymbolExists.c.o: In function `main':
CheckSymbolExists.c:(.text+0x38): undefined reference to `pthread_create'
collect2: error: ld returned 1 exit status
CMakeFiles/cmTC_747c6.dir/build.make:97: recipe for target 'cmTC_747c6' failed
make[1]: *** [cmTC_747c6] Error 1
make[1]: Leaving directory '/home/pi/ros_catkin_ws/build_isolated/roscpp/CMakeFiles/CMakeTmp'
Makefile:126: recipe for target 'cmTC_747c6/fast' failed
make: *** [cmTC_747c6/fast] Error 2

File /home/pi/ros_catkin_ws/build_isolated/roscpp/CMakeFiles/CMakeTmp/CheckSymbolExists.c:
/* */
#include <pthread.h>

int main(int argc, char** argv)
{
  (void)argv;
#ifndef pthread_create
  return ((int*)(&pthread_create))[argc];
#else
  (void)argc;
  return 0;
#endif
}

Determining if the function pthread_create exists in the pthreads failed with the following output:
Change Dir: /home/pi/ros_catkin_ws/build_isolated/roscpp/CMakeFiles/CMakeTmp

Run Build Command:"/usr/bin/make" "cmTC_88c7b/fast"
/usr/bin/make -f CMakeFiles/cmTC_88c7b.dir/build.make CMakeFiles/cmTC_88c7b.dir/build
make[1]: Entering directory '/home/pi/ros_catkin_ws/build_isolated/roscpp/CMakeFiles/CMakeTmp'
Building C object CMakeFiles/cmTC_88c7b.dir/CheckFunctionExists.c.o
/usr/bin/cc    -DCHECK_FUNCTION_EXISTS=pthread_create   -o CMakeFiles/cmTC_88c7b.dir/CheckFunctionExists.c.o   -c /usr/share/cmake-3.7/Modules/CheckFunctionExists.c
Linking C executable cmTC_88c7b
/usr/bin/cmake -E cmake_link_script CMakeFiles/cmTC_88c7b.dir/link.txt --verbose=1
/usr/bin/cc   -DCHECK_FUNCTION_EXISTS=pthread_create    CMakeFiles/cmTC_88c7b.dir/CheckFunctionExists.c.o  -o cmTC_88c7b -rdynamic -lpthreads 
/usr/bin/ld: cannot find -lpthreads
collect2: error: ld returned 1 exit status
CMakeFiles/cmTC_88c7b.dir/build.make:97: recipe for target 'cmTC_88c7b' failed
make[1]: *** [cmTC_88c7b] Error 1
make[1]: Leaving directory '/home/pi/ros_catkin_ws/build_isolated/roscpp/CMakeFiles/CMakeTmp'
Makefile:126: recipe for target 'cmTC_88c7b/fast' failed
make: *** [cmTC_88c7b/fast] Error 2


Determining if the function trunc exists failed with the following output:
Change Dir: /home/pi/ros_catkin_ws/build_isolated/roscpp/CMakeFiles/CMakeTmp

Run Build Command:"/usr/bin/make" "cmTC_a3667/fast"
/usr/bin/make -f CMakeFiles/cmTC_a3667.dir/build.make CMakeFiles/cmTC_a3667.dir/build
make[1]: Entering directory '/home/pi/ros_catkin_ws/build_isolated/roscpp/CMakeFiles/CMakeTmp'
Building C object CMakeFiles/cmTC_a3667.dir/CheckFunctionExists.c.o
/usr/bin/cc    -DCHECK_FUNCTION_EXISTS=trunc   -o CMakeFiles/cmTC_a3667.dir/CheckFunctionExists.c.o   -c /usr/share/cmake-3.7/Modules/CheckFunctionExists.c
<command-line>:0:23: warning: conflicting types for built-in function ‘trunc’
/usr/share/cmake-3.7/Modules/CheckFunctionExists.c:7:3: note: in expansion of macro ‘CHECK_FUNCTION_EXISTS’
   CHECK_FUNCTION_EXISTS();
   ^~~~~~~~~~~~~~~~~~~~~
Linking C executable cmTC_a3667
/usr/bin/cmake -E cmake_link_script CMakeFiles/cmTC_a3667.dir/link.txt --verbose=1
/usr/bin/cc   -DCHECK_FUNCTION_EXISTS=trunc    CMakeFiles/cmTC_a3667.dir/CheckFunctionExists.c.o  -o cmTC_a3667 -rdynamic 
CMakeFiles/cmTC_a3667.dir/CheckFunctionExists.c.o: In function `main':
CheckFunctionExists.c:(.text+0x14): undefined reference to `trunc'
collect2: error: ld returned 1 exit status
CMakeFiles/cmTC_a3667.dir/build.make:97: recipe for target 'cmTC_a3667' failed
make[1]: *** [cmTC_a3667] Error 1
make[1]: Leaving directory '/home/pi/ros_catkin_ws/build_isolated/roscpp/CMakeFiles/CMakeTmp'
Makefile:126: recipe for target 'cmTC_a3667/fast' failed
make: *** [cmTC_a3667/fast] Error 2


