Determining if the pthread_create exist failed with the following output:
Change Dir: /home/pi/RCR/2018/ros_catkin_ws/build_isolated/cpp_common/CMakeFiles/CMakeTmp

Run Build Command:"/usr/bin/make" "cmTC_83124/fast"
/usr/bin/make -f CMakeFiles/cmTC_83124.dir/build.make CMakeFiles/cmTC_83124.dir/build
make[1]: Entering directory '/home/pi/RCR/2018/ros_catkin_ws/build_isolated/cpp_common/CMakeFiles/CMakeTmp'
Building C object CMakeFiles/cmTC_83124.dir/CheckSymbolExists.c.o
/usr/bin/cc     -o CMakeFiles/cmTC_83124.dir/CheckSymbolExists.c.o   -c /home/pi/RCR/2018/ros_catkin_ws/build_isolated/cpp_common/CMakeFiles/CMakeTmp/CheckSymbolExists.c
Linking C executable cmTC_83124
/usr/bin/cmake -E cmake_link_script CMakeFiles/cmTC_83124.dir/link.txt --verbose=1
/usr/bin/cc       CMakeFiles/cmTC_83124.dir/CheckSymbolExists.c.o  -o cmTC_83124 -rdynamic 
CMakeFiles/cmTC_83124.dir/CheckSymbolExists.c.o: In function `main':
CheckSymbolExists.c:(.text+0x38): undefined reference to `pthread_create'
collect2: error: ld returned 1 exit status
CMakeFiles/cmTC_83124.dir/build.make:97: recipe for target 'cmTC_83124' failed
make[1]: *** [cmTC_83124] Error 1
make[1]: Leaving directory '/home/pi/RCR/2018/ros_catkin_ws/build_isolated/cpp_common/CMakeFiles/CMakeTmp'
Makefile:126: recipe for target 'cmTC_83124/fast' failed
make: *** [cmTC_83124/fast] Error 2

File /home/pi/RCR/2018/ros_catkin_ws/build_isolated/cpp_common/CMakeFiles/CMakeTmp/CheckSymbolExists.c:
/* */
#include <pthread.h>

int main(int argc, char** argv)
{
  (void)argv;
#ifndef pthread_create
  return ((int*)(&pthread_create))[argc];
#else
  (void)argc;
  return 0;
#endif
}

Determining if the function pthread_create exists in the pthreads failed with the following output:
Change Dir: /home/pi/RCR/2018/ros_catkin_ws/build_isolated/cpp_common/CMakeFiles/CMakeTmp

Run Build Command:"/usr/bin/make" "cmTC_7d13b/fast"
/usr/bin/make -f CMakeFiles/cmTC_7d13b.dir/build.make CMakeFiles/cmTC_7d13b.dir/build
make[1]: Entering directory '/home/pi/RCR/2018/ros_catkin_ws/build_isolated/cpp_common/CMakeFiles/CMakeTmp'
Building C object CMakeFiles/cmTC_7d13b.dir/CheckFunctionExists.c.o
/usr/bin/cc    -DCHECK_FUNCTION_EXISTS=pthread_create   -o CMakeFiles/cmTC_7d13b.dir/CheckFunctionExists.c.o   -c /usr/share/cmake-3.7/Modules/CheckFunctionExists.c
Linking C executable cmTC_7d13b
/usr/bin/cmake -E cmake_link_script CMakeFiles/cmTC_7d13b.dir/link.txt --verbose=1
/usr/bin/cc   -DCHECK_FUNCTION_EXISTS=pthread_create    CMakeFiles/cmTC_7d13b.dir/CheckFunctionExists.c.o  -o cmTC_7d13b -rdynamic -lpthreads 
/usr/bin/ld: cannot find -lpthreads
collect2: error: ld returned 1 exit status
CMakeFiles/cmTC_7d13b.dir/build.make:97: recipe for target 'cmTC_7d13b' failed
make[1]: *** [cmTC_7d13b] Error 1
make[1]: Leaving directory '/home/pi/RCR/2018/ros_catkin_ws/build_isolated/cpp_common/CMakeFiles/CMakeTmp'
Makefile:126: recipe for target 'cmTC_7d13b/fast' failed
make: *** [cmTC_7d13b/fast] Error 2


Performing C++ SOURCE FILE Test HAVE_CXXABI_H failed with the following output:
Change Dir: /home/pi/RCR/2018/ros_catkin_ws/build_isolated/cpp_common/CMakeFiles/CMakeTmp

Run Build Command:"/usr/bin/make" "cmTC_ff51f/fast"
/usr/bin/make -f CMakeFiles/cmTC_ff51f.dir/build.make CMakeFiles/cmTC_ff51f.dir/build
make[1]: Entering directory '/home/pi/RCR/2018/ros_catkin_ws/build_isolated/cpp_common/CMakeFiles/CMakeTmp'
Building CXX object CMakeFiles/cmTC_ff51f.dir/src.cxx.o
/usr/bin/c++     -DHAVE_CXXABI_H   -o CMakeFiles/cmTC_ff51f.dir/src.cxx.o -c /home/pi/RCR/2018/ros_catkin_ws/build_isolated/cpp_common/CMakeFiles/CMakeTmp/src.cxx
/home/pi/RCR/2018/ros_catkin_ws/build_isolated/cpp_common/CMakeFiles/CMakeTmp/src.cxx:2:8: error: expected constructor, destructor, or type conversion before ‘(’ token
 intmain(intargc,char**argv){}
        ^
CMakeFiles/cmTC_ff51f.dir/build.make:65: recipe for target 'CMakeFiles/cmTC_ff51f.dir/src.cxx.o' failed
make[1]: *** [CMakeFiles/cmTC_ff51f.dir/src.cxx.o] Error 1
make[1]: Leaving directory '/home/pi/RCR/2018/ros_catkin_ws/build_isolated/cpp_common/CMakeFiles/CMakeTmp'
Makefile:126: recipe for target 'cmTC_ff51f/fast' failed
make: *** [cmTC_ff51f/fast] Error 2

Source file was:
#include<cxxabi.h>
intmain(intargc,char**argv){}
